2024-04-01 11:38:14,639 requested file name : response_mono_16000.wav
2024-04-01 11:41:58,795 requested file name : response_mono_16000.wav
2024-04-01 11:43:23,781 requested file name : response_mono_16000.wav
2024-04-01 11:47:13,177 requested TTS text : 뉴 T끼리 맞춤형 요금제는 월 이만칠천팔백삼십원부터 월 사만구천칠백칠십오원까지 고객님의 사용패턴에 맞게 음성통화와 데이터를 이용하는 요금제예요. 
2024-04-01 11:48:30,631 requested file name : response_normal.wav
2024-04-01 11:48:31,559 STT result saved 
file_name : 97ea4795-ec7d-4da4-84fc-3ce91b743021.json 
id : 97ea4795-ec7d-4da4-84fc-3ce91b743021
text : 
2024-04-01 11:49:13,091 requested file name : response_normal_mono_16000.wav
2024-04-01 11:49:16,646 STT result saved 
file_name : e025bb4f-b1b7-496d-a0bb-4efef21f24ba.json 
id : e025bb4f-b1b7-496d-a0bb-4efef21f24ba
text : 뉴티끼리 맞춤형 요금제는 월 이 만 칠 천 팔백 삼십 원부터 월 사 만 구천 칠백 칠십 오 원까지 고객님의 사용 패턴에 맞게 음성통화와 데이터를 이용하는 요금제예요
2024-04-01 11:53:04,439 requested file name : response_mono_16000.wav
2024-04-01 11:53:42,981 requested file name : response_normal_mono_16000.wav
2024-04-01 11:53:47,225 STT result saved 
file_name : 93c62060-51fc-455e-a007-03593a20c041.json 
id : 93c62060-51fc-455e-a007-03593a20c041
text : 뉴티끼리 맞춤형 요금제는 월 이 만 칠 천 팔백 삼십 원부터 월 사 만 구천 칠백 칠십 오 원까지 고객님의 사용 패턴에 맞게 음성통화와 데이터를 이용하는 요금제예요
2024-04-01 11:54:37,871 requested TTS text : 뉴 T끼리 맞춤형 요금제는 월 이만칠천팔백삼십원부터 월 사만구천칠백칠십오원까지 고객님의 사용패턴에 맞게 음성통화와 데이터를 이용하는 요금제예요. 해당 요금제로는 뉴 T끼리 맞춤형 백분/250메가바이트, 뉴 T끼리 맞춤형 백오십분/일점오 기가바이트, 뉴 T끼리 맞춤형 이백분/6기가바이트 등이 있습니다.
2024-04-01 11:54:54,119 requested TTS text : 뉴 T끼리 맞춤형 요금제는 월 이만칠천팔백삼십원부터 월 사만구천칠백칠십오원까지 고객님의 사용패턴에 맞게 음성통화와 데이터를 이용하는 요금제예요. 해당 요금제로는 뉴 T끼리 맞춤형 백분/250메가바이트, 뉴 T끼리 맞춤형 백오십분/일점오 기가바이트, 뉴 T끼리 맞춤형 이백분/6기가바이트 등이 있습니다.
2024-04-01 11:55:30,853 requested file name : response_longer_mono_16000.wav
2024-04-01 11:55:39,341 STT result saved 
file_name : 4cf76eaa-01d7-482f-9a89-6fda36360fcc.json 
id : 4cf76eaa-01d7-482f-9a89-6fda36360fcc
text : 뉴티끼리 맞춤형 요금제는 월 이 만 칠 천 팔백 삼십 원부터 월 사 만 구천 칠백 칠십 오 원까지 고객님의 사용 패턴에 맞게 음성통화와 데이터를 이용하는 요금제예요해당 요금제로는 뉴띠끼리 맞춤형 백 분 이백 오십 메가바이트 뉴띠끼리 맞춤형 백 오십 분 일 쩜 오 기가바이트 뉴띠끼리 맞춤형 이백 분 육 기가바이트 등이 있습니다
2024-04-01 11:56:07,442 requested TTS text : 뉴 T끼리 맞춤형 요금제는 월 이만칠천팔백삼십원부터 월 사만구천칠백칠십오원까지 고객님의 사용패턴에 맞게 음성통화와 데이터를 이용하는 요금제예요. 해당 요금제로는 뉴 T끼리 맞춤형 백분/250메가바이트, 뉴 T끼리 맞춤형 백오십분/일점오 기가바이트, 뉴 T끼리 맞춤형 이백분/6기가바이트 등이 있습니다. 요금제 변경이나 자세한 상담을 원하면 상담사 연결이라고 말씀해주세요.
2024-04-01 11:56:50,998 requested file name : response_full_mono_16000.wav
2024-04-01 11:57:19,352 requested TTS text : 뉴 T끼리 맞춤형 요금제는 월 이만칠천팔백삼십원부터 월 사만구천칠백칠십오원까지 고객님의 사용패턴에 맞게 음성통화와 데이터를 이용하는 요금제예요. 해당 요금제로는 뉴 T끼리 맞춤형 백분/250메가바이트, 뉴 T끼리 맞춤형 백오십분/일점오 기가바이트, 뉴 T끼리 맞춤형 이백분/6기가바이트 등이 있습니다. 요금제 변경이나 자세한 상담을 원하면
2024-04-01 11:58:06,492 requested file name : response_full_mid_mono_16000.wav
2024-04-01 11:58:25,292 requested TTS text : 뉴 T끼리 맞춤형 요금제는 월 이만칠천팔백삼십원부터 월 사만구천칠백칠십오원까지 고객님의 사용패턴에 맞게 음성통화와 데이터를 이용하는 요금제예요. 해당 요금제로는 뉴 T끼리 맞춤형 백분/250메가바이트, 뉴 T끼리 맞춤형 백오십분/일점오 기가바이트, 뉴 T끼리 맞춤형 이백분/6기가바이트 등이 있습니다. 요금제 변경이나
2024-04-01 11:59:03,901 requested file name : response_full_mid_mono_16000.wav
2024-04-01 11:59:59,817 requested file name : response_longer_mono_16000.wav
2024-04-01 12:00:06,701 STT result saved 
file_name : 6d66d843-3dfa-435c-845d-f78852f4fc05.json 
id : 6d66d843-3dfa-435c-845d-f78852f4fc05
text : 뉴티끼리 맞춤형 요금제는 월 이 만 칠 천 팔백 삼십 원부터 월 사 만 구천 칠백 칠십 오 원까지 고객님의 사용 패턴에 맞게 음성통화와 데이터를 이용하는 요금제예요해당 요금제로는 뉴띠끼리 맞춤형 백 분 이백 오십 메가바이트 뉴띠끼리 맞춤형 백 오십 분 일 쩜 오 기가바이트 뉴띠끼리 맞춤형 이백 분 육 기가바이트 등이 있습니다
2024-04-01 12:47:32,566 requested file name : response_longer_mono_16000.wav
2024-04-01 12:47:42,676 STT result saved 
file_name : bd1f1e71-27f3-4c34-8a0f-979012a00f67.json 
id : bd1f1e71-27f3-4c34-8a0f-979012a00f67
text : 뉴티끼리 맞춤형 요금제는 월 이 만 칠 천 팔백 삼십 원부터 월 사 만 구천 칠백 칠십 오 원까지 고객님의 사용 패턴에 맞게 음성통화와 데이터를 이용하는 요금제예요해당 요금제로는 뉴띠끼리 맞춤형 백 분 이백 오십 메가바이트 뉴띠끼리 맞춤형 백 오십 분 일 쩜 오 기가바이트 뉴띠끼리 맞춤형 이백 분 육 기가바이트 등이 있습니다
2024-04-01 12:49:32,079 requested file name : response_longer.wav
2024-04-01 12:49:34,692 STT result saved 
file_name : 2ce9810e-fe98-49d4-97e9-22ac34bef2b0.json 
id : 2ce9810e-fe98-49d4-97e9-22ac34bef2b0
text : 
2024-04-01 13:16:21,296 requested file name : response.wav
2024-04-01 13:16:22,539 STT result saved 
file_name : faf455f1-55c9-405f-b20f-e1dcb906ed3f.json 
id : faf455f1-55c9-405f-b20f-e1dcb906ed3f
text : 
2024-04-01 13:37:22,302 requested file name : 11.wav
2024-04-01 13:37:32,367 STT result saved 
file_name : eddc9d50-ef22-45a2-b890-d321e35bf6ce.json 
id : eddc9d50-ef22-45a2-b890-d321e35bf6ce
text : 鼻鼻鼻鼻鼻鼻鼻鼻鼻鼻鼻鼻鼻鼻鼻鼻鼻鼻鼻鼻鼻鼻鼻鼻鼻鼻鼻鼻鼻鼻鼻鼻鼻鼻鼻鼻鼻鼻鼻鼻鼻鼻鼻鼻鼻鼻鼻鼻鼻鼻鼻鼻鼻鼻鼻鼻鼻鼻鼻鼻鼻鼻鼻鼻鼻鼻鼻鼻鼻鼻鼻鼻鼻鼻鼻鼻鼻鼻鼻鼻鼻鼻鼻鼻鼻鼻鼻鼻鼻鼻鼻鼻鼻鼻鼻鼻鼻鼻鼻鼻鼻鼻鼻鼻鼻鼻鼻鼻鼻鼻鼻
2024-04-01 13:39:23,258 requested file name : 통화 녹음 0260980342_240401_131146_Trim.wav
2024-04-01 13:42:42,163 requested file name : response.wav
2024-04-01 13:42:43,227 STT result saved 
file_name : 81b35fa4-3226-4328-b51b-e26beb830ba0.json 
id : 81b35fa4-3226-4328-b51b-e26beb830ba0
text : 
2024-04-01 13:44:22,960 requested file name : 111.wav
2024-04-01 13:46:23,125 requested file name : 1111.wav
2024-04-01 13:46:33,355 STT result saved 
file_name : 5dea32c4-0d54-4178-8de0-ad378c50201c.json 
id : 5dea32c4-0d54-4178-8de0-ad378c50201c
text :  Xperia XZ1 II XZ1 II XZ1 II XZ1 II XZ1 II XZ1 II XZ1 II XZ1 II XZ1 II XZ1 II XZ1 II XZ1 II XZ1 II XZ1 II XZ1 II XZ1 II XZ1 II XZ1 II XZ1 II XZ1 II XZ1 II XZ1 II XZ1 II XZ1 II XZ1 II XZ1 II XZ1 II XZ1 II XZ1 II XZ1 II XZ1 II XZ1 II XZ1 II XZ1 II XZ1 II XZ1 II XZ1 II XZ1 II XZ1 II XZ1 II XZ1 II XZ1 II XZ1 II XZ1 II XZ1 II XZ1 II XZ1 II XZ1 II XZ1 II XZ1 II XZ1 II XZ1 II XZ1 II XZ1 II XZ1 II
2024-04-01 13:49:03,189 requested file name : a1.wav
2024-04-01 13:49:55,475 requested file name : a1.wav
2024-04-01 13:50:27,741 requested file name : a1.wav
